src/callable/analyzeDocument.ts(66,43): error TS2345: Argument of type 'string | undefined' is not assignable to parameter of type 'string'.
  Type 'undefined' is not assignable to type 'string'.
src/callable/analyzeDocument.ts(71,31): error TS18048: 'textResponse' is possibly 'undefined'.
