
> sube-gestion@0.0.0 build
> ng build

[33m‚ùØ[39m Building...
[32m‚úî[39m Building...
Application bundle generation failed. [27.569 seconds] - 2026-02-22T23:08:07.939Z

[1m[33m[33m‚ñ≤ [43;33m[[43;30mWARNING[43;33m][0m [1mNG8107: The left side of this optional chain operation does not include 'null' or 'undefined' in its type, therefore the '?.' operator can be replaced with the '.' operator.[0m [1m[35m[plugin angular-compiler][0m

    src/app/features/proyectos/kanban-board/kanban-board.html:11:33:
[37m      11 ‚îÇ                     {{ proyecto?.[32mnombre[37m || 'Cargando Proyecto...' }}
         ‚ïµ                                  [32m~~~~~~[0m

  Warning occurs in the template of component KanbanBoard.

    src/app/features/proyectos/kanban-board/kanban-board.ts:39:17:
[37m      39 ‚îÇ     templateUrl: [32m'./kanban-board.html'[37m,
         ‚ïµ                  [32m~~~~~~~~~~~~~~~~~~~~~[0m

[39m[22m
[1m[31m[31mX [41;31m[[41;97mERROR[41;31m][0m [1mTS2307: Cannot find module '../../../environments/environment' or its corresponding type declarations.[0m [1m[35m[plugin angular-compiler][0m

    src/app/core/auth/guards/super-admin.guard.ts:6:28:
[37m      6 ‚îÇ import { environment } from [32m'../../../environments/environment'[37m;
        ‚ïµ                             [32m~~~~~~~~~~~~~~~~~~~~~~~~~~~~~~~~~~~[0m


[31mX [41;31m[[41;97mERROR[41;31m][0m [1mCould not resolve "../../../environments/environment"[0m

    src/app/core/auth/guards/super-admin.guard.ts:6:28:
[37m      6 ‚îÇ import { environment } from [32m'../../../environments/environment'[37m;
        ‚ïµ                             [32m~~~~~~~~~~~~~~~~~~~~~~~~~~~~~~~~~~~[0m

[39m[22m
